2021-03-22 14:55:51.880 [http-nio-8080-exec-4] INFO  com.example.webfinal.servlet.HelloServlet [doPost] -- [Person{name=1age=1}]
2021-03-22 15:53:10.816 [http-nio-8080-exec-4] INFO  Controller [doPost] -- [Person{name=1age=2}]
2021-03-22 17:06:34.362 [http-nio-8080-exec-5] INFO  Controller [processRequest] -- login
2021-03-22 17:06:34.401 [http-nio-8080-exec-5] INFO  Controller [processRequest] -- /pages/login.jsp
2021-03-22 17:07:59.917 [http-nio-8080-exec-4] INFO  Controller [processRequest] -- login
2021-03-22 17:07:59.973 [http-nio-8080-exec-4] INFO  Controller [processRequest] -- LoginCommand@197ee3f5
2021-03-22 17:07:59.975 [http-nio-8080-exec-4] INFO  Controller [processRequest] -- /pages/login.jsp
2021-03-22 17:10:35.925 [http-nio-8080-exec-4] INFO  Controller [processRequest] -- login
2021-03-22 17:10:35.956 [http-nio-8080-exec-4] INFO  CommandProvider [defineCommand] -- LOGIN
2021-03-22 17:10:35.957 [http-nio-8080-exec-4] INFO  Controller [processRequest] -- /pages/login.jsp
2021-03-22 17:11:26.396 [http-nio-8080-exec-4] INFO  Controller [processRequest] -- login
2021-03-22 17:11:26.419 [http-nio-8080-exec-4] INFO  CommandProvider [defineCommand] -- LOGIN
2021-03-22 17:11:26.419 [http-nio-8080-exec-4] INFO  CommandProvider [defineCommand] -- Optional[LoginCommand@769aac21]
2021-03-22 17:11:26.421 [http-nio-8080-exec-4] INFO  Controller [processRequest] -- /pages/login.jsp
2021-03-22 17:14:39.215 [http-nio-8080-exec-4] INFO  Controller [processRequest] -- login
2021-03-22 17:14:39.240 [http-nio-8080-exec-4] INFO  example.webfinal.command.impl.LoginCommand [execute] -- login - 1
pass - 1
2021-03-22 17:14:39.244 [http-nio-8080-exec-4] INFO  example.webfinal.command.impl.LoginCommand [execute] -- /pages/login.jsp
2021-03-22 17:14:39.244 [http-nio-8080-exec-4] INFO  Controller [processRequest] -- /pages/login.jsp
2021-03-22 17:16:18.857 [http-nio-8080-exec-5] INFO  Controller [processRequest] -- login
2021-03-22 17:16:18.892 [http-nio-8080-exec-5] INFO  Controller [processRequest] -- /pages/login.jsp
2021-03-22 17:17:15.607 [http-nio-8080-exec-4] INFO  Controller [processRequest] -- login
2021-03-22 17:17:15.631 [http-nio-8080-exec-4] INFO  example.webfinal.command.impl.LoginCommand [execute] -- false
2021-03-22 17:17:15.631 [http-nio-8080-exec-4] INFO  Controller [processRequest] -- /pages/login.jsp
2021-03-22 17:18:20.900 [http-nio-8080-exec-4] INFO  Controller [processRequest] -- login
2021-03-22 17:18:20.955 [http-nio-8080-exec-4] INFO  example.webfinal.command.impl.LoginCommand [execute] -- 1
2021-03-22 17:18:20.955 [http-nio-8080-exec-4] INFO  example.webfinal.command.impl.LoginCommand [execute] -- 1
2021-03-22 17:18:20.959 [http-nio-8080-exec-4] INFO  example.webfinal.command.impl.LoginCommand [execute] -- false
2021-03-22 17:18:20.961 [http-nio-8080-exec-4] INFO  Controller [processRequest] -- /pages/login.jsp
2021-03-22 17:19:22.240 [http-nio-8080-exec-4] INFO  Controller [processRequest] -- login
2021-03-22 17:19:22.258 [http-nio-8080-exec-4] INFO  example.webfinal.command.impl.LoginCommand [execute] -- 1
2021-03-22 17:19:22.258 [http-nio-8080-exec-4] INFO  example.webfinal.command.impl.LoginCommand [execute] -- 1
2021-03-22 17:19:22.262 [http-nio-8080-exec-4] INFO  example.webfinal.command.impl.LoginCommand [execute] -- true
2021-03-22 17:19:22.263 [http-nio-8080-exec-4] INFO  Controller [processRequest] -- /pages/main.jsp
2021-03-22 17:20:20.951 [http-nio-8080-exec-3] INFO  Controller [processRequest] -- login
2021-03-22 17:20:21.006 [http-nio-8080-exec-3] INFO  example.webfinal.command.impl.LoginCommand [execute] -- 1
2021-03-22 17:20:21.006 [http-nio-8080-exec-3] INFO  example.webfinal.command.impl.LoginCommand [execute] -- 1
2021-03-22 17:20:21.011 [http-nio-8080-exec-3] INFO  example.webfinal.command.impl.LoginCommand [execute] -- true
2021-03-22 17:20:21.012 [http-nio-8080-exec-3] INFO  Controller [processRequest] -- /pages/main.jsp
2021-03-22 17:20:28.318 [http-nio-8080-exec-6] INFO  Controller [processRequest] -- login
2021-03-22 17:20:28.318 [http-nio-8080-exec-6] INFO  example.webfinal.command.impl.LoginCommand [execute] -- 1
2021-03-22 17:20:28.320 [http-nio-8080-exec-6] INFO  example.webfinal.command.impl.LoginCommand [execute] -- 2
2021-03-22 17:20:28.320 [http-nio-8080-exec-6] INFO  example.webfinal.command.impl.LoginCommand [execute] -- false
2021-03-22 17:20:28.321 [http-nio-8080-exec-6] INFO  Controller [processRequest] -- /pages/login.jsp
2021-03-22 17:20:30.822 [http-nio-8080-exec-7] INFO  Controller [processRequest] -- login
2021-03-22 17:20:30.824 [http-nio-8080-exec-7] INFO  example.webfinal.command.impl.LoginCommand [execute] -- 1
2021-03-22 17:20:30.824 [http-nio-8080-exec-7] INFO  example.webfinal.command.impl.LoginCommand [execute] -- 1
2021-03-22 17:20:30.825 [http-nio-8080-exec-7] INFO  example.webfinal.command.impl.LoginCommand [execute] -- true
2021-03-22 17:20:30.826 [http-nio-8080-exec-7] INFO  Controller [processRequest] -- /pages/main.jsp
2021-03-22 19:47:27.320 [http-nio-8080-exec-4] INFO  Controller [processRequest] -- login
2021-03-22 19:47:27.345 [http-nio-8080-exec-4] INFO  example.webfinal.command.impl.LoginCommand [execute] -- 1
2021-03-22 19:47:27.346 [http-nio-8080-exec-4] INFO  example.webfinal.command.impl.LoginCommand [execute] -- 1
2021-03-22 19:47:27.347 [http-nio-8080-exec-4] INFO  example.webfinal.command.impl.LoginCommand [execute] -- true
2021-03-22 19:47:27.348 [http-nio-8080-exec-4] INFO  Controller [processRequest] -- /pages/main.jsp
2021-03-22 19:47:33.955 [http-nio-8080-exec-5] INFO  Controller [processRequest] -- ShowPersons
2021-03-22 19:47:33.956 [http-nio-8080-exec-5] ERROR CommandProvider [defineCommand] -- Illegal argument exception
java.lang.IllegalArgumentException: No enum constant CommandType.SHOWPERSONS
	at java.lang.Enum.valueOf(Enum.java:273) ~[?:?]
	at CommandType.valueOf(CommandType.java:8) ~[classes/:?]
	at CommandProvider.defineCommand(CommandProvider.java:17) [classes/:?]
	at Controller.processRequest(Controller.java:42) [classes/:?]
	at Controller.doPost(Controller.java:33) [classes/:?]
	at javax.servlet.http.HttpServlet.service(HttpServlet.java:652) [servlet-api.jar:4.0.FR]
	at javax.servlet.http.HttpServlet.service(HttpServlet.java:733) [servlet-api.jar:4.0.FR]
	at org.apache.catalina.core.ApplicationFilterChain.internalDoFilter(ApplicationFilterChain.java:227) [catalina.jar:9.0.44]
	at org.apache.catalina.core.ApplicationFilterChain.doFilter(ApplicationFilterChain.java:162) [catalina.jar:9.0.44]
	at org.apache.tomcat.websocket.server.WsFilter.doFilter(WsFilter.java:53) [tomcat-websocket.jar:9.0.44]
	at org.apache.catalina.core.ApplicationFilterChain.internalDoFilter(ApplicationFilterChain.java:189) [catalina.jar:9.0.44]
	at org.apache.catalina.core.ApplicationFilterChain.doFilter(ApplicationFilterChain.java:162) [catalina.jar:9.0.44]
	at org.apache.catalina.core.StandardWrapperValve.invoke(StandardWrapperValve.java:202) [catalina.jar:9.0.44]
	at org.apache.catalina.core.StandardContextValve.invoke(StandardContextValve.java:97) [catalina.jar:9.0.44]
	at org.apache.catalina.authenticator.AuthenticatorBase.invoke(AuthenticatorBase.java:542) [catalina.jar:9.0.44]
	at org.apache.catalina.core.StandardHostValve.invoke(StandardHostValve.java:143) [catalina.jar:9.0.44]
	at org.apache.catalina.valves.ErrorReportValve.invoke(ErrorReportValve.java:92) [catalina.jar:9.0.44]
	at org.apache.catalina.valves.AbstractAccessLogValve.invoke(AbstractAccessLogValve.java:687) [catalina.jar:9.0.44]
	at org.apache.catalina.core.StandardEngineValve.invoke(StandardEngineValve.java:78) [catalina.jar:9.0.44]
	at org.apache.catalina.connector.CoyoteAdapter.service(CoyoteAdapter.java:357) [catalina.jar:9.0.44]
	at org.apache.coyote.http11.Http11Processor.service(Http11Processor.java:374) [tomcat-coyote.jar:9.0.44]
	at org.apache.coyote.AbstractProcessorLight.process(AbstractProcessorLight.java:65) [tomcat-coyote.jar:9.0.44]
	at org.apache.coyote.AbstractProtocol$ConnectionHandler.process(AbstractProtocol.java:893) [tomcat-coyote.jar:9.0.44]
	at org.apache.tomcat.util.net.NioEndpoint$SocketProcessor.doRun(NioEndpoint.java:1707) [tomcat-coyote.jar:9.0.44]
	at org.apache.tomcat.util.net.SocketProcessorBase.run(SocketProcessorBase.java:49) [tomcat-coyote.jar:9.0.44]
	at java.util.concurrent.ThreadPoolExecutor.runWorker(ThreadPoolExecutor.java:1130) [?:?]
	at java.util.concurrent.ThreadPoolExecutor$Worker.run(ThreadPoolExecutor.java:630) [?:?]
	at org.apache.tomcat.util.threads.TaskThread$WrappingRunnable.run(TaskThread.java:61) [tomcat-util.jar:9.0.44]
	at java.lang.Thread.run(Thread.java:832) [?:?]
2021-03-22 19:49:35.986 [http-nio-8080-exec-4] INFO  Controller [processRequest] -- login
2021-03-22 19:49:36.014 [http-nio-8080-exec-4] INFO  example.webfinal.command.impl.LoginCommand [execute] -- 1
2021-03-22 19:49:36.014 [http-nio-8080-exec-4] INFO  example.webfinal.command.impl.LoginCommand [execute] -- 1
2021-03-22 19:49:36.015 [http-nio-8080-exec-4] INFO  example.webfinal.command.impl.LoginCommand [execute] -- true
2021-03-22 19:49:36.016 [http-nio-8080-exec-4] INFO  Controller [processRequest] -- /pages/main.jsp
2021-03-22 19:49:38.995 [http-nio-8080-exec-5] INFO  Controller [processRequest] -- show_persons
2021-03-22 19:49:38.998 [http-nio-8080-exec-5] INFO  Controller [processRequest] -- /pages/persons.jsp
2021-03-24 18:36:38.926 [http-nio-8080-exec-6] INFO  com.nyha.webfinal.controller.Controller [processRequest] -- login
2021-03-24 18:36:38.953 [http-nio-8080-exec-6] INFO  nyha.webfinal.command.impl.LoginCommand [execute] -- 1
2021-03-24 18:36:38.953 [http-nio-8080-exec-6] INFO  nyha.webfinal.command.impl.LoginCommand [execute] -- 1
2021-03-24 18:36:38.954 [http-nio-8080-exec-6] INFO  nyha.webfinal.command.impl.LoginCommand [execute] -- true
2021-03-24 18:36:38.955 [http-nio-8080-exec-6] INFO  com.nyha.webfinal.controller.Controller [processRequest] -- /pages/main.jsp
2021-03-24 18:36:40.506 [http-nio-8080-exec-7] INFO  com.nyha.webfinal.controller.Controller [processRequest] -- show_persons
2021-03-24 18:36:40.509 [http-nio-8080-exec-7] INFO  com.nyha.webfinal.controller.Controller [processRequest] -- /pages/persons.jsp
2021-03-24 18:36:47.999 [http-nio-8080-exec-10] INFO  com.nyha.webfinal.controller.Controller [processRequest] -- login
2021-03-24 18:36:48.000 [http-nio-8080-exec-10] INFO  nyha.webfinal.command.impl.LoginCommand [execute] -- 12
2021-03-24 18:36:48.000 [http-nio-8080-exec-10] INFO  nyha.webfinal.command.impl.LoginCommand [execute] -- 2
2021-03-24 18:36:48.001 [http-nio-8080-exec-10] INFO  nyha.webfinal.command.impl.LoginCommand [execute] -- false
2021-03-24 18:36:48.001 [http-nio-8080-exec-10] INFO  com.nyha.webfinal.controller.Controller [processRequest] -- /pages/login.jsp
2021-03-24 18:36:52.314 [http-nio-8080-exec-2] INFO  com.nyha.webfinal.controller.Controller [processRequest] -- login
2021-03-24 18:36:52.315 [http-nio-8080-exec-2] INFO  nyha.webfinal.command.impl.LoginCommand [execute] -- 1
2021-03-24 18:36:52.316 [http-nio-8080-exec-2] INFO  nyha.webfinal.command.impl.LoginCommand [execute] -- 1
2021-03-24 18:36:52.318 [http-nio-8080-exec-2] INFO  nyha.webfinal.command.impl.LoginCommand [execute] -- true
2021-03-24 18:36:52.319 [http-nio-8080-exec-2] INFO  com.nyha.webfinal.controller.Controller [processRequest] -- /pages/main.jsp
2021-03-24 18:36:55.883 [http-nio-8080-exec-5] INFO  com.nyha.webfinal.controller.Controller [processRequest] -- show_persons
2021-03-24 18:36:55.884 [http-nio-8080-exec-5] INFO  com.nyha.webfinal.controller.Controller [processRequest] -- /pages/persons.jsp
2021-03-25 19:16:18.868 [http-nio-8080-exec-4] INFO  com.nyha.webfinal.controller.Controller [processRequest] -- login
2021-03-25 19:16:18.898 [http-nio-8080-exec-4] INFO  nyha.webfinal.command.impl.LoginCommand [execute] -- 1
2021-03-25 19:16:18.899 [http-nio-8080-exec-4] INFO  nyha.webfinal.command.impl.LoginCommand [execute] -- 1
2021-03-25 19:16:18.901 [http-nio-8080-exec-4] INFO  nyha.webfinal.command.impl.LoginCommand [execute] -- true
2021-03-25 19:16:18.901 [http-nio-8080-exec-4] INFO  com.nyha.webfinal.controller.Controller [processRequest] -- /pages/main.jsp
2021-03-25 19:16:22.772 [http-nio-8080-exec-5] INFO  com.nyha.webfinal.controller.Controller [processRequest] -- show_persons
2021-03-25 19:16:22.777 [http-nio-8080-exec-5] INFO  com.nyha.webfinal.controller.Controller [processRequest] -- /pages/persons.jsp
2021-03-25 19:17:09.789 [http-nio-8080-exec-4] INFO  com.nyha.webfinal.controller.Controller [processRequest] -- login
2021-03-25 19:17:09.812 [http-nio-8080-exec-4] INFO  nyha.webfinal.command.impl.LoginCommand [execute] -- 1
2021-03-25 19:17:09.813 [http-nio-8080-exec-4] INFO  nyha.webfinal.command.impl.LoginCommand [execute] -- 1
2021-03-25 19:17:09.814 [http-nio-8080-exec-4] INFO  nyha.webfinal.command.impl.LoginCommand [execute] -- true
2021-03-25 19:17:09.814 [http-nio-8080-exec-4] INFO  com.nyha.webfinal.controller.Controller [processRequest] -- /pages/main.jsp
2021-03-25 19:17:10.719 [http-nio-8080-exec-5] INFO  com.nyha.webfinal.controller.Controller [processRequest] -- show_persons
2021-03-25 19:17:10.721 [http-nio-8080-exec-5] INFO  com.nyha.webfinal.controller.Controller [processRequest] -- /pages/persons.jsp
2021-03-25 21:06:31.553 [http-nio-8080-exec-6] INFO  com.nyha.webfinal.controller.Controller [processRequest] -- login
2021-03-25 21:06:48.046 [http-nio-8080-exec-6] ERROR nyha.webfinal.dao.impl.UserDaoImpl [findByEmailAndPassword] -- java.sql.SQLNonTransientConnectionException: Could not create connection to database server. Attempted reconnect 3 times. Giving up.
2021-03-25 21:06:48.046 [http-nio-8080-exec-6] ERROR nyha.webfinal.service.impl.UserServiceImpl [findUserByEmailAndPassword] -- com.nyha.webfinal.exception.DaoException: java.sql.SQLNonTransientConnectionException: Could not create connection to database server. Attempted reconnect 3 times. Giving up.
2021-03-25 21:06:48.052 [http-nio-8080-exec-6] INFO  com.nyha.webfinal.controller.Controller [processRequest] -- null
2021-03-25 21:11:34.507 [http-nio-8080-exec-4] INFO  com.nyha.webfinal.controller.Controller [processRequest] -- login
2021-03-25 21:11:51.106 [http-nio-8080-exec-4] ERROR nyha.webfinal.dao.impl.UserDaoImpl [findByEmailAndPassword] -- java.sql.SQLNonTransientConnectionException: Could not create connection to database server. Attempted reconnect 3 times. Giving up.
2021-03-25 21:11:51.107 [http-nio-8080-exec-4] ERROR nyha.webfinal.service.impl.UserServiceImpl [findUserByEmailAndPassword] -- com.nyha.webfinal.exception.DaoException: java.sql.SQLNonTransientConnectionException: Could not create connection to database server. Attempted reconnect 3 times. Giving up.
2021-03-25 21:11:51.111 [http-nio-8080-exec-4] INFO  com.nyha.webfinal.controller.Controller [processRequest] -- null
2021-03-25 21:17:52.319 [http-nio-8080-exec-4] INFO  com.nyha.webfinal.controller.Controller [processRequest] -- login
2021-03-25 21:17:56.693 [http-nio-8080-exec-4] ERROR nyha.webfinal.dao.impl.UserDaoImpl [findByEmailAndPassword] -- com.mysql.cj.jdbc.exceptions.CommunicationsException: Communications link failure

The last packet sent successfully to the server was 0 milliseconds ago. The driver has not received any packets from the server.
2021-03-25 21:17:56.695 [http-nio-8080-exec-4] ERROR nyha.webfinal.service.impl.UserServiceImpl [findUserByEmailAndPassword] -- com.nyha.webfinal.exception.DaoException: com.mysql.cj.jdbc.exceptions.CommunicationsException: Communications link failure

The last packet sent successfully to the server was 0 milliseconds ago. The driver has not received any packets from the server.
2021-03-25 21:17:56.698 [http-nio-8080-exec-4] INFO  com.nyha.webfinal.controller.Controller [processRequest] -- null
2021-03-25 21:19:51.974 [http-nio-8080-exec-4] INFO  com.nyha.webfinal.controller.Controller [processRequest] -- login
2021-03-25 21:19:56.338 [http-nio-8080-exec-4] ERROR nyha.webfinal.dao.impl.UserDaoImpl [findByEmailAndPassword] -- com.mysql.cj.jdbc.exceptions.CommunicationsException: Communications link failure

The last packet sent successfully to the server was 0 milliseconds ago. The driver has not received any packets from the server.
2021-03-25 21:19:56.339 [http-nio-8080-exec-4] ERROR nyha.webfinal.service.impl.UserServiceImpl [findUserByEmailAndPassword] -- com.nyha.webfinal.exception.DaoException: com.mysql.cj.jdbc.exceptions.CommunicationsException: Communications link failure

The last packet sent successfully to the server was 0 milliseconds ago. The driver has not received any packets from the server.
2021-03-25 21:19:56.345 [http-nio-8080-exec-4] INFO  com.nyha.webfinal.controller.Controller [processRequest] -- null
2021-03-25 21:23:40.526 [http-nio-8080-exec-4] INFO  com.nyha.webfinal.controller.Controller [processRequest] -- login
2021-03-25 21:23:41.294 [http-nio-8080-exec-4] INFO  com.nyha.webfinal.controller.Controller [processRequest] -- /pages/main.jsp
2021-03-25 21:26:21.764 [http-nio-8080-exec-4] INFO  com.nyha.webfinal.controller.Controller [processRequest] -- login
2021-03-25 21:26:38.265 [http-nio-8080-exec-4] ERROR nyha.webfinal.dao.impl.UserDaoImpl [findByEmailAndPassword] -- java.sql.SQLNonTransientConnectionException: Could not create connection to database server. Attempted reconnect 3 times. Giving up.
2021-03-25 21:26:38.265 [http-nio-8080-exec-4] ERROR nyha.webfinal.service.impl.UserServiceImpl [findUserByEmailAndPassword] -- com.nyha.webfinal.exception.DaoException: java.sql.SQLNonTransientConnectionException: Could not create connection to database server. Attempted reconnect 3 times. Giving up.
2021-03-25 21:26:38.269 [http-nio-8080-exec-4] INFO  com.nyha.webfinal.controller.Controller [processRequest] -- null
2021-03-25 21:27:53.203 [http-nio-8080-exec-4] INFO  com.nyha.webfinal.controller.Controller [processRequest] -- login
2021-03-25 21:28:09.709 [http-nio-8080-exec-4] ERROR nyha.webfinal.dao.impl.UserDaoImpl [findByEmailAndPassword] -- java.sql.SQLNonTransientConnectionException: Could not create connection to database server. Attempted reconnect 3 times. Giving up.
2021-03-25 21:28:09.710 [http-nio-8080-exec-4] ERROR nyha.webfinal.service.impl.UserServiceImpl [findUserByEmailAndPassword] -- com.nyha.webfinal.exception.DaoException: java.sql.SQLNonTransientConnectionException: Could not create connection to database server. Attempted reconnect 3 times. Giving up.
2021-03-25 21:28:09.716 [http-nio-8080-exec-4] INFO  com.nyha.webfinal.controller.Controller [processRequest] -- null
2021-03-25 21:29:07.027 [http-nio-8080-exec-4] INFO  com.nyha.webfinal.controller.Controller [processRequest] -- login
2021-03-25 21:29:07.692 [http-nio-8080-exec-4] INFO  com.nyha.webfinal.controller.Controller [processRequest] -- /pages/main.jsp
2021-03-25 21:30:07.560 [http-nio-8080-exec-4] INFO  com.nyha.webfinal.controller.Controller [processRequest] -- login
2021-03-25 21:30:08.192 [http-nio-8080-exec-4] INFO  com.nyha.webfinal.controller.Controller [processRequest] -- /pages/main.jsp
2021-03-25 21:31:41.260 [http-nio-8080-exec-4] INFO  com.nyha.webfinal.controller.Controller [processRequest] -- login
2021-03-25 21:31:41.938 [http-nio-8080-exec-4] INFO  com.nyha.webfinal.controller.Controller [processRequest] -- /pages/main.jsp
2021-03-25 21:33:15.214 [http-nio-8080-exec-4] INFO  com.nyha.webfinal.controller.Controller [processRequest] -- login
2021-03-25 21:33:15.867 [http-nio-8080-exec-4] INFO  com.nyha.webfinal.controller.Controller [processRequest] -- /pages/main.jsp
2021-03-25 21:35:54.508 [http-nio-8080-exec-4] INFO  com.nyha.webfinal.controller.Controller [processRequest] -- login
2021-03-25 21:35:55.188 [http-nio-8080-exec-4] INFO  com.nyha.webfinal.controller.Controller [processRequest] -- /pages/main.jsp
2021-03-25 21:37:21.591 [http-nio-8080-exec-4] INFO  com.nyha.webfinal.controller.Controller [processRequest] -- login
2021-03-25 21:37:22.347 [http-nio-8080-exec-4] INFO  com.nyha.webfinal.controller.Controller [processRequest] -- /pages/main.jsp
2021-03-25 21:43:09.314 [http-nio-8080-exec-4] INFO  com.nyha.webfinal.controller.Controller [processRequest] -- login
2021-03-25 21:43:09.962 [http-nio-8080-exec-4] INFO  com.nyha.webfinal.controller.Controller [processRequest] -- /pages/main.jsp
2021-03-25 21:52:19.370 [http-nio-8080-exec-4] INFO  com.nyha.webfinal.controller.Controller [processRequest] -- login
2021-03-25 21:52:19.985 [http-nio-8080-exec-4] INFO  com.nyha.webfinal.controller.Controller [processRequest] -- /pages/main.jsp
2021-03-25 21:52:21.429 [http-nio-8080-exec-5] INFO  com.nyha.webfinal.controller.Controller [processRequest] -- show_users
2021-03-25 21:52:21.484 [http-nio-8080-exec-5] INFO  com.nyha.webfinal.controller.Controller [processRequest] -- /pages/users.jsp
2021-03-25 21:53:50.088 [http-nio-8080-exec-4] INFO  com.nyha.webfinal.controller.Controller [processRequest] -- login
2021-03-25 21:53:50.743 [http-nio-8080-exec-4] INFO  com.nyha.webfinal.controller.Controller [processRequest] -- /pages/main.jsp
2021-03-25 21:53:52.052 [http-nio-8080-exec-5] INFO  com.nyha.webfinal.controller.Controller [processRequest] -- show_users
2021-03-25 21:53:52.105 [http-nio-8080-exec-5] INFO  com.nyha.webfinal.controller.Controller [processRequest] -- /pages/users.jsp
2021-03-29 17:35:29.220 [http-nio-8080-exec-6] INFO  com.nyha.webfinal.controller.Controller [processRequest] -- login
2021-03-29 17:35:30.349 [http-nio-8080-exec-6] INFO  com.nyha.webfinal.controller.Controller [processRequest] -- /pages/login.jsp
2021-03-29 17:35:33.664 [http-nio-8080-exec-7] INFO  com.nyha.webfinal.controller.Controller [processRequest] -- login
2021-03-29 17:35:33.701 [http-nio-8080-exec-7] INFO  com.nyha.webfinal.controller.Controller [processRequest] -- /pages/main.jsp
2021-03-29 17:35:40.072 [http-nio-8080-exec-10] INFO  com.nyha.webfinal.controller.Controller [processRequest] -- show_users
2021-03-29 17:35:40.105 [http-nio-8080-exec-10] INFO  com.nyha.webfinal.controller.Controller [processRequest] -- /pages/users.jsp
2021-03-29 17:53:15.791 [http-nio-8080-exec-4] INFO  com.nyha.webfinal.controller.Controller [processRequest] -- login
2021-03-29 17:53:16.475 [http-nio-8080-exec-4] INFO  com.nyha.webfinal.controller.Controller [processRequest] -- /pages/main.jsp
2021-03-29 17:53:18.295 [http-nio-8080-exec-5] INFO  com.nyha.webfinal.controller.Controller [processRequest] -- show_users
2021-03-29 17:53:18.344 [http-nio-8080-exec-5] INFO  com.nyha.webfinal.controller.Controller [processRequest] -- /pages/users.jsp
2021-03-29 17:54:35.974 [http-nio-8080-exec-4] INFO  com.nyha.webfinal.controller.Controller [processRequest] -- login
2021-03-29 17:54:36.757 [http-nio-8080-exec-4] INFO  com.nyha.webfinal.controller.Controller [processRequest] -- /pages/main.jsp
2021-03-29 17:54:38.656 [http-nio-8080-exec-5] INFO  com.nyha.webfinal.controller.Controller [processRequest] -- show_users
2021-03-29 17:54:38.702 [http-nio-8080-exec-5] INFO  com.nyha.webfinal.controller.Controller [processRequest] -- /pages/users.jsp
2021-03-29 18:32:25.860 [http-nio-8080-exec-8] INFO  com.nyha.webfinal.controller.Controller [processRequest] -- login
2021-03-29 18:32:26.690 [http-nio-8080-exec-8] ERROR webfinal.model.dao.impl.UserDaoImpl [addUser] -- java.sql.SQLException: Data truncated for column 'role' at row 1
2021-03-29 18:32:26.690 [http-nio-8080-exec-8] ERROR webfinal.model.service.impl.UserServiceImpl [addUser] -- com.nyha.webfinal.exception.DaoException: java.sql.SQLException: Data truncated for column 'role' at row 1
2021-03-29 18:32:26.691 [http-nio-8080-exec-8] ERROR nyha.webfinal.command.impl.LoginCommand [execute] -- com.nyha.webfinal.exception.ServiceException: com.nyha.webfinal.exception.DaoException: java.sql.SQLException: Data truncated for column 'role' at row 1
2021-03-29 18:32:26.693 [http-nio-8080-exec-8] INFO  com.nyha.webfinal.controller.Controller [processRequest] -- null
2021-03-29 18:34:34.959 [http-nio-8080-exec-5] INFO  com.nyha.webfinal.controller.Controller [processRequest] -- login
2021-03-29 18:34:35.601 [http-nio-8080-exec-5] ERROR webfinal.model.dao.impl.UserDaoImpl [addUser] -- java.sql.SQLException: Data truncated for column 'role' at row 1
2021-03-29 18:34:35.602 [http-nio-8080-exec-5] ERROR webfinal.model.service.impl.UserServiceImpl [addUser] -- com.nyha.webfinal.exception.DaoException: java.sql.SQLException: Data truncated for column 'role' at row 1
2021-03-29 18:34:35.602 [http-nio-8080-exec-5] ERROR nyha.webfinal.command.impl.LoginCommand [execute] -- com.nyha.webfinal.exception.ServiceException: com.nyha.webfinal.exception.DaoException: java.sql.SQLException: Data truncated for column 'role' at row 1
2021-03-29 18:34:35.604 [http-nio-8080-exec-5] INFO  com.nyha.webfinal.controller.Controller [processRequest] -- null
2021-03-29 18:39:01.980 [http-nio-8080-exec-4] INFO  com.nyha.webfinal.controller.Controller [processRequest] -- login
2021-03-29 18:39:02.803 [http-nio-8080-exec-4] INFO  com.nyha.webfinal.controller.Controller [processRequest] -- /pages/main.jsp
2021-03-29 18:39:04.399 [http-nio-8080-exec-5] INFO  com.nyha.webfinal.controller.Controller [processRequest] -- show_users
2021-03-29 18:39:04.448 [http-nio-8080-exec-5] INFO  com.nyha.webfinal.controller.Controller [processRequest] -- /pages/users.jsp
2021-03-29 18:42:20.283 [http-nio-8080-exec-4] INFO  com.nyha.webfinal.controller.Controller [processRequest] -- login
2021-03-29 18:42:20.931 [http-nio-8080-exec-4] ERROR webfinal.model.dao.impl.UserDaoImpl [addUser] -- java.sql.SQLException: Field 'user_id' doesn't have a default value
2021-03-29 18:42:20.931 [http-nio-8080-exec-4] ERROR webfinal.model.service.impl.UserServiceImpl [addUser] -- com.nyha.webfinal.exception.DaoException: java.sql.SQLException: Field 'user_id' doesn't have a default value
2021-03-29 18:42:20.932 [http-nio-8080-exec-4] ERROR nyha.webfinal.command.impl.LoginCommand [execute] -- com.nyha.webfinal.exception.ServiceException: com.nyha.webfinal.exception.DaoException: java.sql.SQLException: Field 'user_id' doesn't have a default value
2021-03-29 18:42:20.934 [http-nio-8080-exec-4] INFO  com.nyha.webfinal.controller.Controller [processRequest] -- null
2021-03-29 18:43:02.332 [http-nio-8080-exec-4] INFO  com.nyha.webfinal.controller.Controller [processRequest] -- login
2021-03-29 18:43:02.964 [http-nio-8080-exec-4] ERROR webfinal.model.dao.impl.UserDaoImpl [addUser] -- java.sql.SQLException: Field 'user_id' doesn't have a default value
2021-03-29 18:43:02.965 [http-nio-8080-exec-4] ERROR webfinal.model.service.impl.UserServiceImpl [addUser] -- com.nyha.webfinal.exception.DaoException: java.sql.SQLException: Field 'user_id' doesn't have a default value
2021-03-29 18:43:02.965 [http-nio-8080-exec-4] ERROR nyha.webfinal.command.impl.LoginCommand [execute] -- com.nyha.webfinal.exception.ServiceException: com.nyha.webfinal.exception.DaoException: java.sql.SQLException: Field 'user_id' doesn't have a default value
2021-03-29 18:43:02.968 [http-nio-8080-exec-4] INFO  com.nyha.webfinal.controller.Controller [processRequest] -- null
2021-03-29 18:54:34.242 [http-nio-8080-exec-4] INFO  com.nyha.webfinal.controller.Controller [processRequest] -- login
2021-03-29 18:54:34.988 [http-nio-8080-exec-4] INFO  com.nyha.webfinal.controller.Controller [processRequest] -- /pages/login.jsp
2021-03-29 18:57:21.502 [http-nio-8080-exec-4] INFO  com.nyha.webfinal.controller.Controller [processRequest] -- login
2021-03-29 18:57:22.195 [http-nio-8080-exec-4] ERROR webfinal.model.dao.impl.UserDaoImpl [addUser] -- java.sql.SQLIntegrityConstraintViolationException: Duplicate entry '3' for key 'users.PRIMARY'
2021-03-29 18:57:22.195 [http-nio-8080-exec-4] ERROR webfinal.model.service.impl.UserServiceImpl [addUser] -- com.nyha.webfinal.exception.DaoException: java.sql.SQLIntegrityConstraintViolationException: Duplicate entry '3' for key 'users.PRIMARY'
2021-03-29 18:57:22.196 [http-nio-8080-exec-4] ERROR nyha.webfinal.command.impl.LoginCommand [execute] -- com.nyha.webfinal.exception.ServiceException: com.nyha.webfinal.exception.DaoException: java.sql.SQLIntegrityConstraintViolationException: Duplicate entry '3' for key 'users.PRIMARY'
2021-03-29 18:57:22.198 [http-nio-8080-exec-4] INFO  com.nyha.webfinal.controller.Controller [processRequest] -- null
2021-03-29 18:59:50.676 [http-nio-8080-exec-2] INFO  com.nyha.webfinal.controller.Controller [processRequest] -- login
2021-03-29 18:59:51.344 [http-nio-8080-exec-2] ERROR webfinal.model.dao.impl.UserDaoImpl [addUser] -- java.sql.SQLIntegrityConstraintViolationException: Duplicate entry 'ola@gmail.com' for key 'users.email'
2021-03-29 18:59:51.345 [http-nio-8080-exec-2] ERROR webfinal.model.service.impl.UserServiceImpl [addUser] -- com.nyha.webfinal.exception.DaoException: java.sql.SQLIntegrityConstraintViolationException: Duplicate entry 'ola@gmail.com' for key 'users.email'
2021-03-29 18:59:51.346 [http-nio-8080-exec-2] ERROR nyha.webfinal.command.impl.LoginCommand [execute] -- com.nyha.webfinal.exception.ServiceException: com.nyha.webfinal.exception.DaoException: java.sql.SQLIntegrityConstraintViolationException: Duplicate entry 'ola@gmail.com' for key 'users.email'
2021-03-29 18:59:51.348 [http-nio-8080-exec-2] INFO  com.nyha.webfinal.controller.Controller [processRequest] -- null
2021-03-29 19:01:15.405 [http-nio-8080-exec-4] INFO  com.nyha.webfinal.controller.Controller [processRequest] -- login
2021-03-29 19:01:16.038 [http-nio-8080-exec-4] ERROR webfinal.model.dao.impl.UserDaoImpl [addUser] -- java.sql.SQLIntegrityConstraintViolationException: Duplicate entry 'ola@gmail.com' for key 'users.email'
2021-03-29 19:01:16.039 [http-nio-8080-exec-4] ERROR webfinal.model.service.impl.UserServiceImpl [addUser] -- com.nyha.webfinal.exception.DaoException: java.sql.SQLIntegrityConstraintViolationException: Duplicate entry 'ola@gmail.com' for key 'users.email'
2021-03-29 19:01:16.039 [http-nio-8080-exec-4] ERROR nyha.webfinal.command.impl.LoginCommand [execute] -- com.nyha.webfinal.exception.ServiceException: com.nyha.webfinal.exception.DaoException: java.sql.SQLIntegrityConstraintViolationException: Duplicate entry 'ola@gmail.com' for key 'users.email'
2021-03-29 19:01:16.042 [http-nio-8080-exec-4] INFO  com.nyha.webfinal.controller.Controller [processRequest] -- null
2021-03-29 19:02:41.372 [http-nio-8080-exec-4] INFO  com.nyha.webfinal.controller.Controller [processRequest] -- login
2021-03-29 19:02:41.989 [http-nio-8080-exec-4] ERROR webfinal.model.dao.impl.UserDaoImpl [addUser] -- java.sql.SQLIntegrityConstraintViolationException: Duplicate entry 'Ola' for key 'users.username'
2021-03-29 19:02:41.989 [http-nio-8080-exec-4] ERROR webfinal.model.service.impl.UserServiceImpl [addUser] -- com.nyha.webfinal.exception.DaoException: java.sql.SQLIntegrityConstraintViolationException: Duplicate entry 'Ola' for key 'users.username'
2021-03-29 19:02:41.990 [http-nio-8080-exec-4] ERROR nyha.webfinal.command.impl.LoginCommand [execute] -- com.nyha.webfinal.exception.ServiceException: com.nyha.webfinal.exception.DaoException: java.sql.SQLIntegrityConstraintViolationException: Duplicate entry 'Ola' for key 'users.username'
2021-03-29 19:02:41.993 [http-nio-8080-exec-4] INFO  com.nyha.webfinal.controller.Controller [processRequest] -- null
2021-03-29 19:03:48.056 [http-nio-8080-exec-4] INFO  com.nyha.webfinal.controller.Controller [processRequest] -- login
2021-03-29 19:03:48.733 [http-nio-8080-exec-4] INFO  com.nyha.webfinal.controller.Controller [processRequest] -- /pages/login.jsp
2021-04-02 20:09:51.672 [http-nio-8080-exec-6] INFO  com.nyha.webfinal.controller.Controller [processRequest] -- login
2021-04-02 20:10:31.849 [http-nio-8080-exec-8] INFO  com.nyha.webfinal.controller.Controller [processRequest] -- login
2021-04-02 20:11:23.642 [http-nio-8080-exec-1] INFO  com.nyha.webfinal.controller.Controller [processRequest] -- login
2021-04-02 20:12:06.142 [http-nio-8080-exec-4] INFO  com.nyha.webfinal.controller.Controller [processRequest] -- login
2021-04-02 20:12:37.188 [http-nio-8080-exec-7] INFO  com.nyha.webfinal.controller.Controller [processRequest] -- login
2021-04-02 20:12:41.178 [http-nio-8080-exec-8] INFO  com.nyha.webfinal.controller.Controller [processRequest] -- login
2021-04-02 20:15:25.243 [http-nio-8080-exec-4] INFO  com.nyha.webfinal.controller.Controller [processRequest] -- login
2021-04-02 20:16:40.783 [http-nio-8080-exec-4] INFO  com.nyha.webfinal.controller.Controller [processRequest] -- login
2021-04-02 20:17:43.650 [http-nio-8080-exec-4] INFO  com.nyha.webfinal.controller.Controller [processRequest] -- login
2021-04-02 20:18:45.390 [http-nio-8080-exec-4] INFO  com.nyha.webfinal.controller.Controller [processRequest] -- login
2021-04-02 20:19:34.096 [http-nio-8080-exec-5] INFO  com.nyha.webfinal.controller.Controller [processRequest] -- login
2021-04-02 20:21:07.202 [http-nio-8080-exec-4] INFO  com.nyha.webfinal.controller.Controller [processRequest] -- login
2021-04-02 20:22:54.763 [http-nio-8080-exec-4] INFO  com.nyha.webfinal.controller.Controller [processRequest] -- login
2021-04-02 20:22:54.811 [http-nio-8080-exec-4] DEBUG webfinal.model.dao.impl.UserDaoImpl [findUserByEmailAndPassword] -- start find
2021-04-02 20:24:14.654 [http-nio-8080-exec-4] INFO  com.nyha.webfinal.controller.Controller [processRequest] -- login
2021-04-02 20:24:14.687 [http-nio-8080-exec-4] DEBUG webfinal.model.dao.impl.UserDaoImpl [findUserByEmailAndPassword] -- start find
2021-04-02 20:26:18.845 [http-nio-8080-exec-4] INFO  com.nyha.webfinal.controller.Controller [processRequest] -- login
2021-04-02 20:26:18.883 [http-nio-8080-exec-4] DEBUG webfinal.model.dao.impl.UserDaoImpl [findUserByEmailAndPassword] -- start find
2021-04-02 20:26:19.542 [http-nio-8080-exec-4] DEBUG webfinal.model.dao.impl.UserDaoImpl [findUserByEmailAndPassword] -- got connection
2021-04-02 20:28:18.827 [http-nio-8080-exec-4] INFO  com.nyha.webfinal.controller.Controller [processRequest] -- login
2021-04-02 20:28:18.858 [http-nio-8080-exec-4] DEBUG webfinal.model.dao.impl.UserDaoImpl [findUserByEmailAndPassword] -- start find
2021-04-02 20:28:19.418 [http-nio-8080-exec-4] DEBUG webfinal.model.dao.impl.UserDaoImpl [findUserByEmailAndPassword] -- got connection
2021-04-02 20:28:19.443 [http-nio-8080-exec-4] DEBUG webfinal.model.dao.impl.UserDaoImpl [findUserByEmailAndPassword] -- User{id=1, email='gret@gmail.com', username='Andry', role=ADMIN}
2021-04-02 20:28:27.167 [http-nio-8080-exec-5] INFO  com.nyha.webfinal.controller.Controller [processRequest] -- login
2021-04-02 20:28:27.168 [http-nio-8080-exec-5] DEBUG webfinal.model.dao.impl.UserDaoImpl [findUserByEmailAndPassword] -- start find
2021-04-02 20:28:27.206 [http-nio-8080-exec-5] DEBUG webfinal.model.dao.impl.UserDaoImpl [findUserByEmailAndPassword] -- got connection
2021-04-02 20:29:22.522 [http-nio-8080-exec-4] INFO  com.nyha.webfinal.controller.Controller [processRequest] -- login
2021-04-02 20:29:22.560 [http-nio-8080-exec-4] DEBUG webfinal.model.dao.impl.UserDaoImpl [findUserByEmailAndPassword] -- start find
2021-04-02 20:29:23.269 [http-nio-8080-exec-4] DEBUG webfinal.model.dao.impl.UserDaoImpl [findUserByEmailAndPassword] -- got connection
2021-04-02 20:29:23.287 [http-nio-8080-exec-4] DEBUG webfinal.model.dao.impl.UserDaoImpl [findUserByEmailAndPassword] -- got result set
2021-04-02 20:30:19.380 [http-nio-8080-exec-6] INFO  com.nyha.webfinal.controller.Controller [processRequest] -- login
2021-04-02 20:30:19.381 [http-nio-8080-exec-6] DEBUG webfinal.model.dao.impl.UserDaoImpl [findUserByEmailAndPassword] -- start find
2021-04-02 20:30:19.437 [http-nio-8080-exec-6] DEBUG webfinal.model.dao.impl.UserDaoImpl [findUserByEmailAndPassword] -- got connection
2021-04-02 20:30:19.441 [http-nio-8080-exec-6] DEBUG webfinal.model.dao.impl.UserDaoImpl [findUserByEmailAndPassword] -- got result set
2021-04-02 20:30:19.446 [http-nio-8080-exec-6] DEBUG webfinal.model.dao.impl.UserDaoImpl [findUserByEmailAndPassword] -- User{id=1, email='gret@gmail.com', username='Andry', role=ADMIN}
2021-04-02 20:32:15.675 [http-nio-8080-exec-4] INFO  com.nyha.webfinal.controller.Controller [processRequest] -- login
2021-04-02 20:32:15.717 [http-nio-8080-exec-4] DEBUG webfinal.model.dao.impl.UserDaoImpl [findUserByEmailAndPassword] -- start find
2021-04-02 20:32:16.333 [http-nio-8080-exec-4] DEBUG webfinal.model.dao.impl.UserDaoImpl [findUserByEmailAndPassword] -- got connection
2021-04-02 20:32:16.354 [http-nio-8080-exec-4] DEBUG webfinal.model.dao.impl.UserDaoImpl [findUserByEmailAndPassword] -- got result set
2021-04-02 20:32:16.357 [http-nio-8080-exec-4] DEBUG webfinal.model.dao.impl.UserDaoImpl [findUserByEmailAndPassword] -- User{id=4, email='gret.andrey@gmail.com', username='Nyha', role=ADMIN}
2021-04-02 20:33:45.624 [http-nio-8080-exec-4] INFO  com.nyha.webfinal.controller.Controller [processRequest] -- login
2021-04-02 20:33:46.290 [http-nio-8080-exec-4] DEBUG webfinal.model.service.impl.UserServiceImpl [findUserByEmailAndPassword] -- User{id=4, email='gret.andrey@gmail.com', username='Nyha', role=ADMIN}
2021-04-02 20:34:40.442 [http-nio-8080-exec-4] INFO  com.nyha.webfinal.controller.Controller [processRequest] -- login
2021-04-02 20:34:41.138 [http-nio-8080-exec-4] DEBUG nyha.webfinal.command.impl.LoginCommand [execute] -- User{id=4, email='gret.andrey@gmail.com', username='Nyha', role=ADMIN}
2021-04-02 20:36:26.927 [http-nio-8080-exec-4] INFO  com.nyha.webfinal.controller.Controller [processRequest] -- login
2021-04-02 20:36:27.591 [http-nio-8080-exec-4] DEBUG com.nyha.webfinal.controller.Controller [processRequest] -- /pages/main.jsp
2021-04-02 20:39:17.179 [http-nio-8080-exec-4] INFO  com.nyha.webfinal.controller.Controller [processRequest] -- login
2021-04-02 20:40:35.534 [http-nio-8080-exec-4] INFO  com.nyha.webfinal.controller.Controller [processRequest] -- login
2021-04-02 20:41:18.604 [http-nio-8080-exec-4] INFO  com.nyha.webfinal.controller.Controller [processRequest] -- login
2021-04-02 20:44:25.329 [http-nio-8080-exec-4] INFO  com.nyha.webfinal.controller.Controller [processRequest] -- login
2021-04-02 20:47:25.470 [http-nio-8080-exec-4] INFO  com.nyha.webfinal.controller.Controller [processRequest] -- login
2021-04-02 20:47:26.334 [http-nio-8080-exec-4] DEBUG com.nyha.webfinal.controller.Controller [processRequest] -- null
2021-04-02 20:49:18.403 [http-nio-8080-exec-3] INFO  com.nyha.webfinal.controller.Controller [processRequest] -- login
2021-04-02 20:49:22.206 [http-nio-8080-exec-5] INFO  com.nyha.webfinal.controller.Controller [processRequest] -- show_users
2021-04-02 20:59:20.308 [http-nio-8080-exec-5] INFO  com.nyha.webfinal.controller.Controller [processRequest] -- login
2021-04-02 20:59:29.045 [http-nio-8080-exec-6] INFO  com.nyha.webfinal.controller.Controller [processRequest] -- login
2021-04-02 21:00:52.287 [http-nio-8080-exec-4] INFO  com.nyha.webfinal.controller.Controller [processRequest] -- login
2021-04-02 21:02:37.459 [http-nio-8080-exec-4] INFO  com.nyha.webfinal.controller.Controller [processRequest] -- login
2021-04-02 21:02:37.491 [http-nio-8080-exec-4] DEBUG nyha.webfinal.model.connection.ConnectionCreator [<clinit>] -- Start block
2021-04-02 21:04:57.957 [http-nio-8080-exec-7] INFO  com.nyha.webfinal.controller.Controller [processRequest] -- login
2021-04-02 21:04:57.989 [http-nio-8080-exec-7] DEBUG nyha.webfinal.model.connection.ConnectionCreator [<clinit>] -- null
2021-04-02 21:23:59.891 [http-nio-8080-exec-4] INFO  com.nyha.webfinal.controller.Controller [processRequest] -- login
2021-04-02 21:24:00.492 [http-nio-8080-exec-4] ERROR webfinal.model.dao.impl.UserDaoImpl [findUserByEmailAndPassword] -- java.sql.SQLException: Access denied for user ''@'localhost' (using password: YES)
2021-04-02 21:24:00.493 [http-nio-8080-exec-4] ERROR webfinal.model.service.impl.UserServiceImpl [findUserByEmailAndPassword] -- com.nyha.webfinal.exception.DaoException: java.sql.SQLException: Access denied for user ''@'localhost' (using password: YES)
2021-04-02 21:24:00.493 [http-nio-8080-exec-4] ERROR nyha.webfinal.command.impl.LoginCommand [execute] -- com.nyha.webfinal.exception.ServiceException: com.nyha.webfinal.exception.DaoException: java.sql.SQLException: Access denied for user ''@'localhost' (using password: YES)
2021-04-02 21:27:13.762 [http-nio-8080-exec-4] INFO  com.nyha.webfinal.controller.Controller [processRequest] -- login
2021-04-02 21:30:54.368 [http-nio-8080-exec-4] INFO  com.nyha.webfinal.controller.Controller [processRequest] -- login
2021-04-02 22:10:40.802 [http-nio-8080-exec-4] INFO  com.nyha.webfinal.controller.Controller [processRequest] -- login
2021-04-02 22:10:41.638 [http-nio-8080-exec-4] INFO  com.nyha.webfinal.pool.ConnectionPool [getInstance] -- ConnectionPool was created
2021-04-02 22:10:41.695 [http-nio-8080-exec-4] INFO  com.nyha.webfinal.pool.ConnectionPool [releaseConnection] -- Connection has been released
2021-04-05 20:06:07.340 [http-nio-8080-exec-6] INFO  com.nyha.webfinal.pool.ConnectionPool [getInstance] -- ConnectionPool was created
2021-04-05 20:06:07.360 [http-nio-8080-exec-6] INFO  com.nyha.webfinal.controller.Controller [processRequest] -- login
2021-04-05 20:06:07.457 [http-nio-8080-exec-6] INFO  com.nyha.webfinal.pool.ConnectionPool [releaseConnection] -- Connection has been released
2021-04-05 20:06:10.872 [http-nio-8080-exec-7] INFO  com.nyha.webfinal.controller.Controller [processRequest] -- show_users
2021-04-05 20:06:10.879 [http-nio-8080-exec-7] INFO  com.nyha.webfinal.pool.ConnectionPool [releaseConnection] -- Connection has been released
2021-04-05 20:08:34.958 [main] INFO  com.nyha.webfinal.pool.ConnectionPool [destroyPool] -- Connection pool has been destroyed
2021-04-05 20:08:34.959 [main] INFO  com.nyha.webfinal.pool.ConnectionPool [deregisterDrivers] -- Drivers have been deregistered
2021-04-05 20:22:09.197 [http-nio-8080-exec-4] INFO  com.nyha.webfinal.pool.ConnectionPool [getInstance] -- ConnectionPool was created
2021-04-05 20:22:09.215 [http-nio-8080-exec-4] INFO  com.nyha.webfinal.controller.Controller [processRequest] -- login
2021-04-05 20:22:09.273 [http-nio-8080-exec-4] INFO  com.nyha.webfinal.pool.ConnectionPool [releaseConnection] -- Connection has been released
2021-04-05 20:22:09.279 [http-nio-8080-exec-4] INFO  com.nyha.webfinal.pool.ConnectionPool [releaseConnection] -- Connection has been released
2021-04-05 20:22:09.300 [http-nio-8080-exec-4] INFO  com.nyha.webfinal.pool.ConnectionPool [releaseConnection] -- Connection has been released
2021-04-05 20:22:19.717 [main] INFO  com.nyha.webfinal.pool.ConnectionPool [destroyPool] -- Connection pool has been destroyed
2021-04-05 20:22:19.718 [main] INFO  com.nyha.webfinal.pool.ConnectionPool [deregisterDrivers] -- Drivers have been deregistered
2021-04-05 20:24:12.349 [http-nio-8080-exec-4] INFO  com.nyha.webfinal.pool.ConnectionPool [getInstance] -- ConnectionPool was created
2021-04-05 20:24:12.365 [http-nio-8080-exec-4] INFO  com.nyha.webfinal.controller.Controller [processRequest] -- login
2021-04-05 20:24:12.438 [http-nio-8080-exec-4] INFO  com.nyha.webfinal.pool.ConnectionPool [releaseConnection] -- Connection has been released
2021-04-05 20:24:12.672 [http-nio-8080-exec-5] INFO  com.nyha.webfinal.controller.Controller [processRequest] -- login
2021-04-05 20:24:12.677 [http-nio-8080-exec-5] INFO  com.nyha.webfinal.pool.ConnectionPool [releaseConnection] -- Connection has been released
2021-04-05 20:24:26.207 [http-nio-8080-exec-6] INFO  com.nyha.webfinal.controller.Controller [processRequest] -- login
2021-04-05 20:24:26.211 [http-nio-8080-exec-6] INFO  com.nyha.webfinal.pool.ConnectionPool [releaseConnection] -- Connection has been released
2021-04-05 20:24:50.076 [main] INFO  com.nyha.webfinal.pool.ConnectionPool [destroyPool] -- Connection pool has been destroyed
2021-04-05 20:24:50.076 [main] INFO  com.nyha.webfinal.pool.ConnectionPool [deregisterDrivers] -- Drivers have been deregistered
2021-04-05 23:28:41.388 [http-nio-8080-exec-6] INFO  com.nyha.webfinal.pool.ConnectionPool [getInstance] -- ConnectionPool was created
2021-04-05 23:28:41.408 [http-nio-8080-exec-6] INFO  com.nyha.webfinal.controller.Controller [processRequest] -- login
2021-04-05 23:28:41.500 [http-nio-8080-exec-6] INFO  com.nyha.webfinal.pool.ConnectionPool [releaseConnection] -- Connection has been released
2021-04-05 23:29:22.734 [http-nio-8080-exec-10] INFO  com.nyha.webfinal.controller.Controller [processRequest] -- login
2021-04-05 23:29:34.462 [main] INFO  com.nyha.webfinal.pool.ConnectionPool [destroyPool] -- Connection pool has been destroyed
2021-04-05 23:29:34.463 [main] INFO  com.nyha.webfinal.pool.ConnectionPool [deregisterDrivers] -- Drivers removed from registration
